[0614/220316.305:ERROR:process_reader_win.cc(123)] NtOpenThread: {Zugriff verweigert} Ein Prozess hat einen Zugriff auf ein Objekt angefordert, aber ihm wurden nicht die Rechte für den Zugriff erteilt. (0xc0000022)
[0614/220316.305:ERROR:process_reader_win.cc(123)] NtOpenThread: {Zugriff verweigert} Ein Prozess hat einen Zugriff auf ein Objekt angefordert, aber ihm wurden nicht die Rechte für den Zugriff erteilt. (0xc0000022)
[0614/220316.305:ERROR:process_reader_win.cc(123)] NtOpenThread: {Zugriff verweigert} Ein Prozess hat einen Zugriff auf ein Objekt angefordert, aber ihm wurden nicht die Rechte für den Zugriff erteilt. (0xc0000022)
[0614/220316.789:ERROR:exception_snapshot_win.cc(88)] thread ID 14688 not found in process
[0614/220316.789:ERROR:exception_snapshot_win.cc(88)] thread ID 10524 not found in process
[0614/220316.789:ERROR:exception_snapshot_win.cc(88)] thread ID 6984 not found in process
[0705/231531.056:ERROR:process_reader_win.cc(123)] NtOpenThread: {Zugriff verweigert} Ein Prozess hat einen Zugriff auf ein Objekt angefordert, aber ihm wurden nicht die Rechte für den Zugriff erteilt. (0xc0000022)
[0705/231531.056:ERROR:process_reader_win.cc(123)] NtOpenThread: {Zugriff verweigert} Ein Prozess hat einen Zugriff auf ein Objekt angefordert, aber ihm wurden nicht die Rechte für den Zugriff erteilt. (0xc0000022)
[0705/231531.259:ERROR:exception_snapshot_win.cc(88)] thread ID 16800 not found in process
[0705/231531.259:ERROR:exception_snapshot_win.cc(88)] thread ID 1312 not found in process
[0706/163351.945:ERROR:process_reader_win.cc(242)] ReadMemory at 0x20380180000 of 64 bytes failed: Nur ein Teil der ReadProcessMemory- oder WriteProcessMemory-Anforderung wurde abgeschlossen. (0x12B)
[0706/163353.067:WARNING:pe_image_reader.cc(302)] could not read dos header from C:\WINDOWS\System32\SHELL32.dll
[0706/163353.067:ERROR:process_reader_win.cc(242)] ReadMemory at 0x7ff870b00000 of 64 bytes failed: Nur ein Teil der ReadProcessMemory- oder WriteProcessMemory-Anforderung wurde abgeschlossen. (0x12B)
[0706/163353.067:WARNING:pe_image_reader.cc(302)] could not read dos header from C:\WINDOWS\System32\cfgmgr32.dll
[0706/163353.067:ERROR:process_reader_win.cc(242)] ReadMemory at 0x7ff870020000 of 64 bytes failed: Nur ein Teil der ReadProcessMemory- oder WriteProcessMemory-Anforderung wurde abgeschlossen. (0x12B)
[0706/163353.067:WARNING:pe_image_reader.cc(302)] could not read dos header from C:\WINDOWS\System32\ucrtbase.dll
[0706/163353.067:ERROR:process_reader_win.cc(242)] ReadMemory at 0x7ff870ef0000 of 64 bytes failed: Nur ein Teil der ReadProcessMemory- oder WriteProcessMemory-Anforderung wurde abgeschlossen. (0x12B)
[0706/163353.067:WARNING:pe_image_reader.cc(302)] could not read dos header from C:\WINDOWS\System32\shcore.dll
[0706/163353.067:ERROR:process_reader_win.cc(242)] ReadMemory at 0x7ff8714e0000 of 64 bytes failed: Nur ein Teil der ReadProcessMemory- oder WriteProcessMemory-Anforderung wurde abgeschlossen. (0x12B)
[0706/163353.067:WARNING:pe_image_reader.cc(302)] could not read dos header from C:\WINDOWS\System32\combase.dll
[0706/163353.067:ERROR:process_reader_win.cc(242)] ReadMemory at 0x7ff870b50000 of 64 bytes failed: Nur ein Teil der ReadProcessMemory- oder WriteProcessMemory-Anforderung wurde abgeschlossen. (0x12B)
[0706/163353.067:WARNING:pe_image_reader.cc(302)] could not read dos header from C:\WINDOWS\System32\bcryptPrimitives.dll
[0706/163353.067:ERROR:process_reader_win.cc(242)] ReadMemory at 0x7ff870340000 of 64 bytes failed: Nur ein Teil der ReadProcessMemory- oder WriteProcessMemory-Anforderung wurde abgeschlossen. (0x12B)
[0706/163353.067:WARNING:pe_image_reader.cc(302)] could not read dos header from C:\WINDOWS\System32\windows.storage.dll
[0706/163353.067:ERROR:process_reader_win.cc(242)] ReadMemory at 0x7ff871170000 of 64 bytes failed: Nur ein Teil der ReadProcessMemory- oder WriteProcessMemory-Anforderung wurde abgeschlossen. (0x12B)
[0706/163353.067:WARNING:pe_image_reader.cc(302)] could not read dos header from C:\WINDOWS\System32\shlwapi.dll
[0706/163353.067:ERROR:process_reader_win.cc(242)] ReadMemory at 0x7ff8714b0000 of 64 bytes failed: Nur ein Teil der ReadProcessMemory- oder WriteProcessMemory-Anforderung wurde abgeschlossen. (0x12B)
[0706/163353.067:WARNING:pe_image_reader.cc(302)] could not read dos header from C:\WINDOWS\System32\GDI32.dll
[0706/163353.067:ERROR:process_reader_win.cc(242)] ReadMemory at 0x7ff8701a0000 of 64 bytes failed: Nur ein Teil der ReadProcessMemory- oder WriteProcessMemory-Anforderung wurde abgeschlossen. (0x12B)
[0706/163353.067:WARNING:pe_image_reader.cc(302)] could not read dos header from C:\WINDOWS\System32\gdi32full.dll
[0706/163353.067:ERROR:process_reader_win.cc(242)] ReadMemory at 0x7ff870e50000 of 64 bytes failed: Nur ein Teil der ReadProcessMemory- oder WriteProcessMemory-Anforderung wurde abgeschlossen. (0x12B)
[0706/163353.067:WARNING:pe_image_reader.cc(302)] could not read dos header from C:\WINDOWS\System32\msvcp_win.dll
[0706/163353.067:ERROR:process_reader_win.cc(242)] ReadMemory at 0x7ff873590000 of 64 bytes failed: Nur ein Teil der ReadProcessMemory- oder WriteProcessMemory-Anforderung wurde abgeschlossen. (0x12B)
[0706/163353.067:WARNING:pe_image_reader.cc(302)] could not read dos header from C:\WINDOWS\System32\USER32.dll
[0706/163353.067:ERROR:process_reader_win.cc(242)] ReadMemory at 0x7ff870180000 of 64 bytes failed: Nur ein Teil der ReadProcessMemory- oder WriteProcessMemory-Anforderung wurde abgeschlossen. (0x12B)
[0706/163353.067:WARNING:pe_image_reader.cc(302)] could not read dos header from C:\WINDOWS\System32\win32u.dll
[0706/163353.067:ERROR:process_reader_win.cc(242)] ReadMemory at 0x7ff86fda0000 of 64 bytes failed: Nur ein Teil der ReadProcessMemory- oder WriteProcessMemory-Anforderung wurde abgeschlossen. (0x12B)
[0706/163353.067:WARNING:pe_image_reader.cc(302)] could not read dos header from C:\WINDOWS\System32\kernel.appcore.dll
[0706/163353.067:ERROR:process_reader_win.cc(242)] ReadMemory at 0x7ff86fdc0000 of 64 bytes failed: Nur ein Teil der ReadProcessMemory- oder WriteProcessMemory-Anforderung wurde abgeschlossen. (0x12B)
[0706/163353.067:WARNING:pe_image_reader.cc(302)] could not read dos header from C:\WINDOWS\System32\profapi.dll
[0706/163353.067:ERROR:process_reader_win.cc(242)] ReadMemory at 0x7ff86fde0000 of 64 bytes failed: Nur ein Teil der ReadProcessMemory- oder WriteProcessMemory-Anforderung wurde abgeschlossen. (0x12B)
[0706/163353.067:WARNING:pe_image_reader.cc(302)] could not read dos header from C:\WINDOWS\System32\powrprof.dll
[0706/163353.067:ERROR:process_reader_win.cc(242)] ReadMemory at 0x7ff86fd90000 of 64 bytes failed: Nur ein Teil der ReadProcessMemory- oder WriteProcessMemory-Anforderung wurde abgeschlossen. (0x12B)
[0706/163353.067:WARNING:pe_image_reader.cc(302)] could not read dos header from C:\WINDOWS\System32\FLTLIB.DLL
[0706/163353.067:ERROR:process_reader_win.cc(242)] ReadMemory at 0x7ff84e9e0000 of 64 bytes failed: Nur ein Teil der ReadProcessMemory- oder WriteProcessMemory-Anforderung wurde abgeschlossen. (0x12B)
[0706/163353.067:WARNING:pe_image_reader.cc(302)] could not read dos header from C:\Program Files (x86)\Google\Chrome\Application\67.0.3396.99\chrome_elf.dll
[0706/163353.067:ERROR:process_reader_win.cc(242)] ReadMemory at 0x7ff85f940000 of 64 bytes failed: Nur ein Teil der ReadProcessMemory- oder WriteProcessMemory-Anforderung wurde abgeschlossen. (0x12B)
[0706/163353.067:WARNING:pe_image_reader.cc(302)] could not read dos header from C:\WINDOWS\SYSTEM32\VERSION.dll
[0706/163353.067:ERROR:process_reader_win.cc(242)] ReadMemory at 0x7ff86b460000 of 64 bytes failed: Nur ein Teil der ReadProcessMemory- oder WriteProcessMemory-Anforderung wurde abgeschlossen. (0x12B)
[0706/163353.067:WARNING:pe_image_reader.cc(302)] could not read dos header from C:\WINDOWS\SYSTEM32\WINMM.dll
[0706/163353.067:ERROR:process_reader_win.cc(242)] ReadMemory at 0x7ff86fc70000 of 64 bytes failed: Nur ein Teil der ReadProcessMemory- oder WriteProcessMemory-Anforderung wurde abgeschlossen. (0x12B)
[0706/163353.067:WARNING:pe_image_reader.cc(302)] could not read dos header from C:\WINDOWS\SYSTEM32\USERENV.dll
[0706/163353.067:ERROR:process_reader_win.cc(242)] ReadMemory at 0x7ff867ca0000 of 64 bytes failed: Nur ein Teil der ReadProcessMemory- oder WriteProcessMemory-Anforderung wurde abgeschlossen. (0x12B)
[0706/163353.067:WARNING:pe_image_reader.cc(302)] could not read dos header from C:\WINDOWS\SYSTEM32\WINHTTP.dll
[0706/163353.067:ERROR:process_reader_win.cc(242)] ReadMemory at 0x7ff86b430000 of 64 bytes failed: Nur ein Teil der ReadProcessMemory- oder WriteProcessMemory-Anforderung wurde abgeschlossen. (0x12B)
[0706/163353.067:WARNING:pe_image_reader.cc(302)] could not read dos header from C:\WINDOWS\SYSTEM32\WINMMBASE.dll
[0706/163353.067:ERROR:process_reader_win.cc(242)] ReadMemory at 0x7ff86f7c0000 of 64 bytes failed: Nur ein Teil der ReadProcessMemory- oder WriteProcessMemory-Anforderung wurde abgeschlossen. (0x12B)
[0706/163353.067:WARNING:pe_image_reader.cc(302)] could not read dos header from C:\WINDOWS\SYSTEM32\CRYPTBASE.DLL
[0706/163353.067:ERROR:process_reader_win.cc(242)] ReadMemory at 0x7ff873a00000 of 64 bytes failed: Nur ein Teil der ReadProcessMemory- oder WriteProcessMemory-Anforderung wurde abgeschlossen. (0x12B)
[0706/163353.067:WARNING:pe_image_reader.cc(302)] could not read dos header from C:\WINDOWS\System32\IMM32.DLL
[0706/163353.067:ERROR:process_reader_win.cc(242)] ReadMemory at 0x7ff832290000 of 64 bytes failed: Nur ein Teil der ReadProcessMemory- oder WriteProcessMemory-Anforderung wurde abgeschlossen. (0x12B)
[0706/163353.067:WARNING:pe_image_reader.cc(302)] could not read dos header from C:\Program Files (x86)\Google\Chrome\Application\67.0.3396.99\chrome_child.dll
[0706/163353.067:ERROR:process_reader_win.cc(242)] ReadMemory at 0x7ff871080000 of 64 bytes failed: Nur ein Teil der ReadProcessMemory- oder WriteProcessMemory-Anforderung wurde abgeschlossen. (0x12B)
[0706/163353.067:WARNING:pe_image_reader.cc(302)] could not read dos header from C:\WINDOWS\System32\COMDLG32.dll
[0706/163353.067:ERROR:process_reader_win.cc(242)] ReadMemory at 0x7ff870fb0000 of 64 bytes failed: Nur ein Teil der ReadProcessMemory- oder WriteProcessMemory-Anforderung wurde abgeschlossen. (0x12B)
[0706/163353.068:WARNING:pe_image_reader.cc(302)] could not read dos header from C:\WINDOWS\System32\OLEAUT32.dll
[0706/163353.068:ERROR:process_reader_win.cc(242)] ReadMemory at 0x7ff871b10000 of 64 bytes failed: Nur ein Teil der ReadProcessMemory- oder WriteProcessMemory-Anforderung wurde abgeschlossen. (0x12B)
[0706/163353.068:WARNING:pe_image_reader.cc(302)] could not read dos header from C:\WINDOWS\System32\WS2_32.dll
[0706/163353.068:ERROR:process_reader_win.cc(242)] ReadMemory at 0x203819b0000 of 64 bytes failed: Nur ein Teil der ReadProcessMemory- oder WriteProcessMemory-Anforderung wurde abgeschlossen. (0x12B)
[0706/163353.068:WARNING:pe_image_reader.cc(302)] could not read dos header from C:\WINDOWS\System32\ole32.dll
[0706/163353.068:ERROR:process_reader_win.cc(242)] ReadMemory at 0x7ff870120000 of 64 bytes failed: Nur ein Teil der ReadProcessMemory- oder WriteProcessMemory-Anforderung wurde abgeschlossen. (0x12B)
[0706/163353.068:WARNING:pe_image_reader.cc(302)] could not read dos header from C:\WINDOWS\System32\WINTRUST.dll
[0706/163353.068:ERROR:process_reader_win.cc(242)] ReadMemory at 0x7ff86fd70000 of 64 bytes failed: Nur ein Teil der ReadProcessMemory- oder WriteProcessMemory-Anforderung wurde abgeschlossen. (0x12B)
[0706/163353.068:WARNING:pe_image_reader.cc(302)] could not read dos header from C:\WINDOWS\System32\MSASN1.dll
[0706/163353.068:ERROR:process_reader_win.cc(242)] ReadMemory at 0x7ff86fe30000 of 64 bytes failed: Nur ein Teil der ReadProcessMemory- oder WriteProcessMemory-Anforderung wurde abgeschlossen. (0x12B)
[0706/163353.068:WARNING:pe_image_reader.cc(302)] could not read dos header from C:\WINDOWS\System32\CRYPT32.dll
[0706/163353.068:ERROR:process_reader_win.cc(242)] ReadMemory at 0x7ff85d0d0000 of 64 bytes failed: Nur ein Teil der ReadProcessMemory- oder WriteProcessMemory-Anforderung wurde abgeschlossen. (0x12B)
[0706/163353.068:WARNING:pe_image_reader.cc(302)] could not read dos header from C:\WINDOWS\WinSxS\amd64_microsoft.windows.common-controls_6595b64144ccf1df_6.0.17134.112_none_fb3f961b30681c12\COMCTL32.dll
[0706/163353.068:ERROR:process_reader_win.cc(242)] ReadMemory at 0x7ff85e080000 of 64 bytes failed: Nur ein Teil der ReadProcessMemory- oder WriteProcessMemory-Anforderung wurde abgeschlossen. (0x12B)
[0706/163353.068:WARNING:pe_image_reader.cc(302)] could not read dos header from C:\WINDOWS\SYSTEM32\Secur32.dll
[0706/163353.068:ERROR:process_reader_win.cc(242)] ReadMemory at 0x7ff86d830000 of 64 bytes failed: Nur ein Teil der ReadProcessMemory- oder WriteProcessMemory-Anforderung wurde abgeschlossen. (0x12B)
[0706/163353.068:WARNING:pe_image_reader.cc(302)] could not read dos header from C:\WINDOWS\SYSTEM32\dbghelp.dll
[0706/163353.068:ERROR:process_reader_win.cc(242)] ReadMemory at 0x7ff857460000 of 64 bytes failed: Nur ein Teil der ReadProcessMemory- oder WriteProcessMemory-Anforderung wurde abgeschlossen. (0x12B)
[0706/163353.068:WARNING:pe_image_reader.cc(302)] could not read dos header from C:\WINDOWS\SYSTEM32\USP10.dll
[0706/163353.068:ERROR:process_reader_win.cc(242)] ReadMemory at 0x7ff8594d0000 of 64 bytes failed: Nur ein Teil der ReadProcessMemory- oder WriteProcessMemory-Anforderung wurde abgeschlossen. (0x12B)
[0706/163353.068:WARNING:pe_image_reader.cc(302)] could not read dos header from C:\WINDOWS\SYSTEM32\WINSPOOL.DRV
[0706/163353.068:ERROR:process_reader_win.cc(242)] ReadMemory at 0x7ff86f370000 of 64 bytes failed: Nur ein Teil der ReadProcessMemory- oder WriteProcessMemory-Anforderung wurde abgeschlossen. (0x12B)
[0706/163353.068:WARNING:pe_image_reader.cc(302)] could not read dos header from C:\WINDOWS\SYSTEM32\IPHLPAPI.DLL
[0706/163353.068:ERROR:process_reader_win.cc(242)] ReadMemory at 0x7ff862490000 of 64 bytes failed: Nur ein Teil der ReadProcessMemory- oder WriteProcessMemory-Anforderung wurde abgeschlossen. (0x12B)
[0706/163353.068:WARNING:pe_image_reader.cc(302)] could not read dos header from C:\WINDOWS\SYSTEM32\urlmon.dll
[0706/163353.068:ERROR:process_reader_win.cc(242)] ReadMemory at 0x7ff862170000 of 64 bytes failed: Nur ein Teil der ReadProcessMemory- oder WriteProcessMemory-Anforderung wurde abgeschlossen. (0x12B)
[0706/163353.068:WARNING:pe_image_reader.cc(302)] could not read dos header from C:\WINDOWS\SYSTEM32\DWrite.dll
[0706/163353.068:ERROR:process_reader_win.cc(242)] ReadMemory at 0x7ff86eb30000 of 64 bytes failed: Nur ein Teil der ReadProcessMemory- oder WriteProcessMemory-Anforderung wurde abgeschlossen. (0x12B)
[0706/163353.068:WARNING:pe_image_reader.cc(302)] could not read dos header from C:\WINDOWS\SYSTEM32\dxgi.dll
[0706/163353.068:ERROR:process_reader_win.cc(242)] ReadMemory at 0x7ff867bf0000 of 64 bytes failed: Nur ein Teil der ReadProcessMemory- oder WriteProcessMemory-Anforderung wurde abgeschlossen. (0x12B)
[0706/163353.068:WARNING:pe_image_reader.cc(302)] could not read dos header from C:\WINDOWS\SYSTEM32\dhcpcsvc.DLL
[0706/163353.068:ERROR:process_reader_win.cc(242)] ReadMemory at 0x7ff8711d0000 of 64 bytes failed: Nur ein Teil der ReadProcessMemory- oder WriteProcessMemory-Anforderung wurde abgeschlossen. (0x12B)
[0706/163353.068:WARNING:pe_image_reader.cc(302)] could not read dos header from C:\WINDOWS\System32\NSI.dll
[0706/163353.068:ERROR:process_reader_win.cc(242)] ReadMemory at 0x7ff86bd40000 of 64 bytes failed: Nur ein Teil der ReadProcessMemory- oder WriteProcessMemory-Anforderung wurde abgeschlossen. (0x12B)
[0706/163353.068:WARNING:pe_image_reader.cc(302)] could not read dos header from C:\WINDOWS\SYSTEM32\PROPSYS.dll
[0706/163353.068:ERROR:process_reader_win.cc(242)] ReadMemory at 0x7ff86f8d0000 of 64 bytes failed: Nur ein Teil der ReadProcessMemory- oder WriteProcessMemory-Anforderung wurde abgeschlossen. (0x12B)
[0706/163353.068:WARNING:pe_image_reader.cc(302)] could not read dos header from C:\WINDOWS\SYSTEM32\bcrypt.dll
[0706/163353.068:ERROR:process_reader_win.cc(242)] ReadMemory at 0x7ff862810000 of 64 bytes failed: Nur ein Teil der ReadProcessMemory- oder WriteProcessMemory-Anforderung wurde abgeschlossen. (0x12B)
[0706/163353.068:WARNING:pe_image_reader.cc(302)] could not read dos header from C:\WINDOWS\SYSTEM32\iertutil.dll
[0706/163353.068:ERROR:process_reader_win.cc(242)] ReadMemory at 0x7ff86fca0000 of 64 bytes failed: Nur ein Teil der ReadProcessMemory- oder WriteProcessMemory-Anforderung wurde abgeschlossen. (0x12B)
[0706/163353.068:WARNING:pe_image_reader.cc(302)] could not read dos header from C:\WINDOWS\SYSTEM32\SSPICLI.DLL
[0706/163353.899:ERROR:process_reader_win.cc(242)] ReadMemory at 0xe20fdee000 of 73728 bytes failed: Nur ein Teil der ReadProcessMemory- oder WriteProcessMemory-Anforderung wurde abgeschlossen. (0x12B)
[0706/163353.899:ERROR:crash_report_exception_handler.cc(111)] WriteEverything failed
[0706/163353.899:ERROR:filesystem_win.cc(148)] DeleteFile C:\Users\Andzelika\AppData\Local\Google\Chrome\User Data\Crashpad\reports\96edc9de-755e-4895-8767-4c69b55703dc.dmp: Der Prozess kann nicht auf die Datei zugreifen, da sie von einem anderen Prozess verwendet wird. (0x20)
[0706/163353.900:ERROR:scoped_process_suspend.cc(40)] NtResumeProcess: Es wurde versucht, auf einen Prozess zuzugreifen, der gerade beendet wurde. (0xc000010a)
[0706/223209.442:ERROR:process_reader_win.cc(123)] NtOpenThread: {Zugriff verweigert} Ein Prozess hat einen Zugriff auf ein Objekt angefordert, aber ihm wurden nicht die Rechte für den Zugriff erteilt. (0xc0000022)
[0706/223209.457:ERROR:exception_snapshot_win.cc(88)] thread ID 16100 not found in process
